<?xml version="1.0" encoding="UTF-8"?>
<!-- Generated by org.testng.reporters.JUnitReportReporter -->
<testsuite hostname="DESKTOP-OP2RFKG" failures="0" tests="1" name="practice.P1" time="11.251" errors="0" timestamp="2 Apr 2024 12:46:00 GMT">
  <testcase classname="practice.P1" name="p1" time="11.251"/>
</testsuite> <!-- practice.P1 -->
