<?xml version="1.0" encoding="UTF-8"?>
<!-- Generated by org.testng.reporters.JUnitReportReporter -->
<testsuite hostname="DESKTOP-OP2RFKG" failures="0" tests="1" name="practice.K" time="0.109" errors="0" timestamp="15 Mar 2024 11:35:32 GMT">
  <testcase classname="practice.K" name="test" time="0.109"/>
</testsuite> <!-- practice.K -->
