<?xml version="1.0" encoding="UTF-8"?>
<!-- Generated by org.testng.reporters.JUnitReportReporter -->
<testsuite hostname="DESKTOP-OP2RFKG" failures="0" tests="1" name="practice.M1" time="7.393" errors="0" timestamp="15 Mar 2024 11:35:32 GMT">
  <testcase classname="practice.M1" name="m1" time="7.393"/>
</testsuite> <!-- practice.M1 -->
