<?xml version="1.0" encoding="UTF-8"?>
<!-- Generated by org.testng.reporters.JUnitReportReporter -->
<testsuite hostname="DESKTOP-OP2RFKG" failures="0" tests="1" name="practice.R" time="11.389" errors="0" timestamp="2 Apr 2024 12:46:00 GMT">
  <testcase classname="practice.R" name="dragDrop" time="11.389"/>
</testsuite> <!-- practice.R -->
